  Source.cpp
C:\Users\Administrator\source\repos\hw4-2\Source.cpp(30,28): warning C4244: 'argument': conversion from 'double' to 'float', possible loss of data
C:\Users\Administrator\source\repos\hw4-2\Source.cpp(31,30): warning C4244: 'argument': conversion from 'double' to 'float', possible loss of data
C:\Users\Administrator\source\repos\hw4-2\Source.cpp(33,42): warning C4244: 'return': conversion from 'double' to 'float', possible loss of data
C:\Users\Administrator\source\repos\hw4-2\Source.cpp(38,1): warning C4305: 'initializing': truncation from 'double' to 'float'
C:\Users\Administrator\source\repos\hw4-2\Source.cpp(73,28): warning C4244: 'argument': conversion from 'double' to 'float', possible loss of data
C:\Users\Administrator\source\repos\hw4-2\Source.cpp(74,30): warning C4244: 'argument': conversion from 'double' to 'float', possible loss of data
C:\Users\Administrator\source\repos\hw4-2\Source.cpp(76,41): warning C4244: 'return': conversion from 'double' to 'float', possible loss of data
C:\Users\Administrator\source\repos\hw4-2\Source.cpp(81,1): warning C4305: 'initializing': truncation from 'double' to 'float'
C:\Users\Administrator\source\repos\hw4-2\Source.cpp(119,51): warning C4244: 'argument': conversion from 'double' to 'float', possible loss of data
C:\Users\Administrator\source\repos\hw4-2\Source.cpp(120,53): warning C4244: 'argument': conversion from 'double' to 'float', possible loss of data
C:\Users\Administrator\source\repos\hw4-2\Source.cpp(121,32): warning C4244: '=': conversion from 'double' to 'float', possible loss of data
C:\Users\Administrator\source\repos\hw4-2\Source.cpp(122,1): warning C4244: '+=': conversion from 'double' to 'float', possible loss of data
C:\Users\Administrator\source\repos\hw4-2\Source.cpp(133,51): warning C4244: 'argument': conversion from 'double' to 'float', possible loss of data
C:\Users\Administrator\source\repos\hw4-2\Source.cpp(134,53): warning C4244: 'argument': conversion from 'double' to 'float', possible loss of data
C:\Users\Administrator\source\repos\hw4-2\Source.cpp(135,47): warning C4244: '=': conversion from 'double' to 'float', possible loss of data
C:\Users\Administrator\source\repos\hw4-2\Source.cpp(136,1): warning C4244: '+=': conversion from 'double' to 'float', possible loss of data
C:\Users\Administrator\source\repos\hw4-2\Source.cpp(177,103): warning C4305: 'argument': truncation from 'double' to 'float'
C:\Users\Administrator\source\repos\hw4-2\Source.cpp(205,46): warning C4305: 'argument': truncation from 'double' to 'float'
C:\Users\Administrator\source\repos\hw4-2\Source.cpp(206,47): warning C4305: 'argument': truncation from 'double' to 'float'
C:\Users\Administrator\source\repos\hw4-2\Source.cpp(207,46): warning C4305: 'argument': truncation from 'double' to 'float'
C:\Users\Administrator\source\repos\hw4-2\Source.cpp(224,47): warning C4305: 'argument': truncation from 'double' to 'float'
C:\Users\Administrator\source\repos\hw4-2\Source.cpp(225,48): warning C4305: 'argument': truncation from 'double' to 'float'
C:\Users\Administrator\source\repos\hw4-2\Source.cpp(226,47): warning C4305: 'argument': truncation from 'double' to 'float'
C:\Users\Administrator\source\repos\hw4-2\Source.cpp(234,47): warning C4305: 'argument': truncation from 'double' to 'float'
C:\Users\Administrator\source\repos\hw4-2\Source.cpp(235,48): warning C4305: 'argument': truncation from 'double' to 'float'
C:\Users\Administrator\source\repos\hw4-2\Source.cpp(236,47): warning C4305: 'argument': truncation from 'double' to 'float'
C:\Users\Administrator\source\repos\hw4-2\Source.cpp(254,17): warning C4305: '=': truncation from 'double' to 'float'
C:\Users\Administrator\source\repos\hw4-2\Source.cpp(254,34): warning C4305: '=': truncation from 'double' to 'float'
C:\Users\Administrator\source\repos\hw4-2\Source.cpp(254,51): warning C4305: '=': truncation from 'double' to 'float'
C:\Users\Administrator\source\repos\hw4-2\Source.cpp(254,69): warning C4305: '=': truncation from 'double' to 'float'
C:\Users\Administrator\source\repos\hw4-2\Source.cpp(254,85): warning C4305: '=': truncation from 'double' to 'float'
C:\Users\Administrator\source\repos\hw4-2\Source.cpp(262,21): warning C4305: 'initializing': truncation from 'double' to 'float'
D:\计算机编程\VC\Tools\MSVC\14.27.29110\include\tuple(163,47): warning C4244: 'initializing': conversion from '_Ty' to '_Ty', possible loss of data
          with
          [
              _Ty=double
          ]
          and
          [
              _Ty=float
          ]
D:\计算机编程\VC\Tools\MSVC\14.27.29110\include\tuple(244): message : see reference to function template instantiation 'std::_Tuple_val<_This>::_Tuple_val<_Ty>(_Other &&)' being compiled
          with
          [
              _This=float,
              _Ty=double,
              _Other=double
          ]
D:\计算机编程\VC\Tools\MSVC\14.27.29110\include\tuple(244): message : see reference to function template instantiation 'std::_Tuple_val<_This>::_Tuple_val<_Ty>(_Other &&)' being compiled
          with
          [
              _This=float,
              _Ty=double,
              _Other=double
          ]
D:\计算机编程\VC\Tools\MSVC\14.27.29110\include\tuple(244): message : see reference to function template instantiation 'std::tuple<float>::tuple<std::_Exact_args_t,_Ty,,0>(_Tag,_This2 &&)' being compiled
          with
          [
              _Ty=double,
              _Tag=std::_Exact_args_t,
              _This2=double
          ]
D:\计算机编程\VC\Tools\MSVC\14.27.29110\include\tuple(244): message : see reference to function template instantiation 'std::tuple<float>::tuple<std::_Exact_args_t,_Ty,,0>(_Tag,_This2 &&)' being compiled
          with
          [
              _Ty=double,
              _Tag=std::_Exact_args_t,
              _This2=double
          ]
D:\计算机编程\VC\Tools\MSVC\14.27.29110\include\tuple(825): message : see reference to function template instantiation 'std::tuple<int,float>::tuple<std::_Exact_args_t,int,double,0>(_Tag,_This2 &&,double &&)' being compiled
          with
          [
              _Tag=std::_Exact_args_t,
              _This2=int
          ]
D:\计算机编程\VC\Tools\MSVC\14.27.29110\include\tuple(825): message : see reference to function template instantiation 'std::tuple<int,float>::tuple<std::_Exact_args_t,int,double,0>(_Tag,_This2 &&,double &&)' being compiled
          with
          [
              _Tag=std::_Exact_args_t,
              _This2=int
          ]
D:\计算机编程\VC\Tools\MSVC\14.27.29110\include\tuple(251): message : see reference to function template instantiation 'std::tuple<int,float>::tuple<std::_Unpack_tuple_t,_Ty,0,1,0>(_Tag,_Tpl &&,std::integer_sequence<size_t,0,1>)' being compiled
          with
          [
              _Ty=std::tuple<int,double>,
              _Tag=std::_Unpack_tuple_t,
              _Tpl=std::tuple<int,double>
          ]
D:\计算机编程\VC\Tools\MSVC\14.27.29110\include\tuple(251): message : see reference to function template instantiation 'std::tuple<int,float>::tuple<std::_Unpack_tuple_t,_Ty,0,1,0>(_Tag,_Tpl &&,std::integer_sequence<size_t,0,1>)' being compiled
          with
          [
              _Ty=std::tuple<int,double>,
              _Tag=std::_Unpack_tuple_t,
              _Tpl=std::tuple<int,double>
          ]
D:\计算机编程\VC\Tools\MSVC\14.27.29110\include\tuple(377): message : see reference to function template instantiation 'std::tuple<int,float>::tuple<std::_Unpack_tuple_t,std::tuple<int,double>,0>(_Tag,_Tpl &&)' being compiled
          with
          [
              _Tag=std::_Unpack_tuple_t,
              _Tpl=std::tuple<int,double>
          ]
D:\计算机编程\VC\Tools\MSVC\14.27.29110\include\tuple(377): message : see reference to function template instantiation 'std::tuple<int,float>::tuple<std::_Unpack_tuple_t,std::tuple<int,double>,0>(_Tag,_Tpl &&)' being compiled
          with
          [
              _Tag=std::_Unpack_tuple_t,
              _Tpl=std::tuple<int,double>
          ]
C:\Users\Administrator\source\repos\hw4-2\Source.cpp(146): message : see reference to function template instantiation 'std::tuple<int,float>::tuple<int,double,0>(std::tuple<int,double> &&) noexcept' being compiled
C:\Users\Administrator\source\repos\hw4-2\Source.cpp(146): message : see reference to function template instantiation 'std::tuple<int,float>::tuple<int,double,0>(std::tuple<int,double> &&) noexcept' being compiled
  hw4-2.vcxproj -> C:\Users\Administrator\source\repos\hw4-2\Debug\hw4-2.exe
